<?xml version="1.0" encoding="UTF-8"?>
<!-- Generated by org.testng.reporters.JUnitReportReporter -->
<testsuite hostname="CHN1-LHP-N62806" failures="0" tests="3" name="com.tag_service.getUsingTagId" time="1.175" errors="0" timestamp="2022-05-07T19:42:17 IST" skipped="0">
  <testcase classname="com.tag_service.getUsingTagId" name="id" time="0.411"/>
  <system-out/>
  <testcase classname="com.tag_service.getUsingTagId" name="get" time="0.743"/>
  <system-out/>
  <testcase classname="com.tag_service.getUsingTagId" name="status" time="0.021"/>
  <system-out/>
</testsuite> <!-- com.tag_service.getUsingTagId -->
