<?xml version="1.0" encoding="UTF-8"?>
<!-- Generated by org.testng.reporters.JUnitReportReporter -->
<testsuite hostname="CHN1-LHP-N62806" failures="0" tests="1" name="com.tag_service.postTagService" time="0.874" errors="0" timestamp="2022-05-07T19:30:29 IST" skipped="0">
  <testcase classname="com.tag_service.postTagService" name="postTag" time="0.874"/>
  <system-out/>
</testsuite> <!-- com.tag_service.postTagService -->
