<?xml version="1.0" encoding="UTF-8"?>
<!-- Generated by org.testng.reporters.JUnitReportReporter -->
<testsuite hostname="CHN1-LHP-N62806" failures="0" tests="1" name="com.tag_service.updateTagService" time="0.742" errors="0" timestamp="2022-05-07T20:14:02 IST" skipped="0">
  <testcase classname="com.tag_service.updateTagService" name="updateDoctor" time="0.742"/>
  <system-out/>
</testsuite> <!-- com.tag_service.updateTagService -->
