<?xml version="1.0" encoding="UTF-8"?>
<!-- Generated by org.testng.reporters.JUnitReportReporter -->
<testsuite hostname="CHN1-LHP-N62806" failures="0" tests="3" name="com.tag_service.getTagService" time="1.143" errors="0" timestamp="2022-05-07T19:37:55 IST" skipped="0">
  <testcase classname="com.tag_service.getTagService" name="id" time="0.348"/>
  <system-out/>
  <testcase classname="com.tag_service.getTagService" name="getTag" time="0.770"/>
  <system-out/>
  <testcase classname="com.tag_service.getTagService" name="status" time="0.025"/>
  <system-out/>
</testsuite> <!-- com.tag_service.getTagService -->
