<?xml version="1.0" encoding="UTF-8"?>
<!-- Generated by org.testng.reporters.JUnitReportReporter -->
<testsuite hostname="CHN1-LHP-N62806" failures="0" tests="1" name="com.tag_service.updateUsingSlotId" time="0.792" errors="0" timestamp="2022-05-07T21:46:55 IST" skipped="0">
  <testcase classname="com.tag_service.updateUsingSlotId" name="updateDoctor" time="0.792"/>
  <system-out/>
</testsuite> <!-- com.tag_service.updateUsingSlotId -->
