<?xml version="1.0" encoding="UTF-8"?>
<!-- Generated by org.testng.reporters.JUnitReportReporter -->
<testsuite hostname="CHN1-LHP-N62806" failures="0" tests="1" name="com.authentication.Login" time="0.878" errors="0" timestamp="2022-05-06T10:02:19 IST" skipped="0">
  <testcase classname="com.authentication.Login" name="log" time="0.878"/>
  <system-out/>
</testsuite> <!-- com.authentication.Login -->
