<?xml version="1.0" encoding="UTF-8"?>
<!-- Generated by org.testng.reporters.JUnitReportReporter -->
<testsuite hostname="CHN1-LHP-N62806" failures="0" tests="1" name="com.userService.updateUserService" time="0.693" errors="0" timestamp="2022-05-07T21:09:45 IST" skipped="0">
  <testcase classname="com.userService.updateUserService" name="updateDoctor" time="0.693"/>
  <system-out/>
</testsuite> <!-- com.userService.updateUserService -->
