<?xml version="1.0" encoding="UTF-8"?>
<!-- Generated by org.testng.reporters.JUnitReportReporter -->
<testsuite hostname="CHN1-LHP-N62806" failures="0" tests="3" name="com.userService.getUserService" time="1.401" errors="0" timestamp="2022-05-07T21:00:14 IST" skipped="0">
  <testcase classname="com.userService.getUserService" name="id" time="0.418"/>
  <system-out/>
  <testcase classname="com.userService.getUserService" name="status" time="0.023"/>
  <system-out/>
  <testcase classname="com.userService.getUserService" name="getUser" time="0.960"/>
  <system-out/>
</testsuite> <!-- com.userService.getUserService -->
