<?xml version="1.0" encoding="UTF-8"?>
<!-- Generated by org.testng.reporters.JUnitReportReporter -->
<testsuite hostname="CHN1-LHP-N62806" failures="0" tests="3" name="com.userService.getAllUser" time="1.410" errors="0" timestamp="2022-05-07T21:12:40 IST" skipped="0">
  <testcase classname="com.userService.getAllUser" name="id" time="0.433"/>
  <system-out/>
  <testcase classname="com.userService.getAllUser" name="name" time="0.034"/>
  <system-out/>
  <testcase classname="com.userService.getAllUser" name="getAll" time="0.943"/>
  <system-out/>
</testsuite> <!-- com.userService.getAllUser -->
