<?xml version="1.0" encoding="UTF-8"?>
<!-- Generated by org.testng.reporters.JUnitReportReporter -->
<testsuite hostname="CHN1-LHP-N62806" failures="0" tests="1" name="com.userService.deleteUserService" time="0.988" errors="0" timestamp="2022-05-07T21:13:02 IST" skipped="0">
  <testcase classname="com.userService.deleteUserService" name="deleteUser" time="0.988"/>
  <system-out/>
</testsuite> <!-- com.userService.deleteUserService -->
