<?xml version="1.0" encoding="UTF-8"?>
<!-- Generated by org.testng.reporters.JUnitReportReporter -->
<testsuite hostname="CHN1-LHP-N62806" failures="0" tests="1" name="com.emailService.postEmailService" time="5.455" errors="0" timestamp="2022-05-07T20:28:49 IST" skipped="0">
  <testcase classname="com.emailService.postEmailService" name="postEmail" time="5.455"/>
  <system-out/>
</testsuite> <!-- com.emailService.postEmailService -->
