<?xml version="1.0" encoding="UTF-8"?>
<!-- Generated by org.testng.reporters.JUnitReportReporter -->
<testsuite hostname="CHN1-LHP-N62806" failures="0" tests="1" name="com.interviewerService.UpdateInterviewerService" time="0.723" errors="0" timestamp="2022-05-07T21:44:13 IST" skipped="0">
  <testcase classname="com.interviewerService.UpdateInterviewerService" name="updateDoctor" time="0.723"/>
  <system-out/>
</testsuite> <!-- com.interviewerService.UpdateInterviewerService -->
