<?xml version="1.0" encoding="UTF-8"?>
<!-- Generated by org.testng.reporters.JUnitReportReporter -->
<testsuite hostname="CHN1-LHP-N62806" failures="0" tests="3" name="com.interviewerService.getUsingtechTrack" time="1.368" errors="0" timestamp="2022-05-07T21:38:38 IST" skipped="0">
  <testcase classname="com.interviewerService.getUsingtechTrack" name="status" time="0.032"/>
  <system-out/>
  <testcase classname="com.interviewerService.getUsingtechTrack" name="id" time="0.451"/>
  <system-out/>
  <testcase classname="com.interviewerService.getUsingtechTrack" name="get" time="0.885"/>
  <system-out/>
</testsuite> <!-- com.interviewerService.getUsingtechTrack -->
