<?xml version="1.0" encoding="UTF-8"?>
<!-- Generated by org.testng.reporters.JUnitReportReporter -->
<testsuite hostname="CHN1-LHP-N62806" failures="0" tests="1" name="com.interviewerService.postInterviewerService" time="1.013" errors="0" timestamp="2022-05-07T21:21:15 IST" skipped="0">
  <testcase classname="com.interviewerService.postInterviewerService" name="postInterview" time="1.013"/>
  <system-out/>
</testsuite> <!-- com.interviewerService.postInterviewerService -->
