<?xml version="1.0" encoding="UTF-8"?>
<!-- Generated by org.testng.reporters.JUnitReportReporter -->
<testsuite hostname="CHN1-LHP-N62806" failures="0" tests="3" name="com.interviewerService.getInterviewerService" time="1.416" errors="0" timestamp="2022-05-07T21:34:43 IST" skipped="0">
  <testcase classname="com.interviewerService.getInterviewerService" name="status" time="0.027"/>
  <system-out/>
  <testcase classname="com.interviewerService.getInterviewerService" name="id" time="0.402"/>
  <system-out/>
  <testcase classname="com.interviewerService.getInterviewerService" name="getInterview" time="0.987"/>
  <system-out/>
</testsuite> <!-- com.interviewerService.getInterviewerService -->
